<?xml version="1.0" encoding="UTF-8" ?>
<testsuite errors="0" failures="0" hostname="diego-acer" name="test.AlgorithmTest" skipped="0" tests="9" time="16.65" timestamp="2014-10-31T07:38:51">
  <properties>
[...]
</properties>
  <testcase classname="test.AlgorithmTest" name="testEmptyLists" time="0.0010" />
  <testcase classname="test.AlgorithmTest" name="testRotateListSTRESSED" time="5.172" />
  <testcase classname="test.AlgorithmTest" name="testRotateArraySTRESSED" time="6.496" />
  <testcase classname="test.AlgorithmTest" name="testRotateList" time="0.0010" />
  <testcase classname="test.AlgorithmTest" name="testEmptyArrays" time="0.0010" />
  <testcase classname="test.AlgorithmTest" name="testRotateArrayWithArrayCopySTRESSED" time="4.934" />
  <testcase classname="test.AlgorithmTest" name="testEmptyArraysWithArrayCopy" time="0.0" />
  <testcase classname="test.AlgorithmTest" name="testRotateArray" time="0.0" />
  <testcase classname="test.AlgorithmTest" name="testRotateArrayWithArrayCopy" time="0.0" />
  <system-out><![CDATA[With List, it takes: 771 ms.
With Array, it takes: 670 ms.
With Array With arrayCopy(), it takes: 21 ms.
Rotating [Ljava.lang.Integer;@7f56b6b9 2 positions, Result: [Ljava.lang.Integer;@15f66cff
]]></system-out>
  <system-err><![CDATA[]]></system-err>
</testsuite>
